<?xml version="1.0" encoding="UTF-8" ?>
<testsuite failures="0" time="0.004" errors="0" skipped="0" tests="2" name="com.hello2morrow.sonarplugin.decorator.SonargraphSystemDashBoardDecoratorTest">
  <properties>
[...]
</properties>
  <testcase time="0.004" classname="com.hello2morrow.sonarplugin.decorator.SonargraphSystemDashBoardDecoratorTest" name="testDecorate"/>
  <testcase time="0" classname="com.hello2morrow.sonarplugin.decorator.SonargraphSystemDashBoardDecoratorTest" name="testShouldExecuteOnProject"/>
</testsuite>